Workflow runner started. Python executable: D:\.comfyui\.venv\Scripts\python.exe
Working directory: D:\.comfyui\gen.av
Emptying ComfyUI input and output folders...
Successfully emptied ComfyUI input and output folders.
All tracked files unchanged. Preserving output directories.
Starting LM Studio backend via lms CLI...
Command: lms server start
Success! Server is now running on port 1234
Waiting for LM Studio to become ready (polling every 15s)...
LM Studio is ready after 0.0s (attempt 1).

===== START D:\.comfyui\gen.video\scripts\2.motion.py @ 2026-01-21 13:49:22 =====
Resumable mode enabled - checkpoint directory: D:\.comfyui\gen.video\output\tracking
No existing checkpoint found - starting fresh
ğŸš€ Starting Master Prompt Generation...
ğŸ“ Reading story from: ../input/1.story.txt
Warning: Scene image not found for scene_1.4.png
Warning: Scene image not found for scene_1.6.png
Warning: Scene image not found for scene_1.9.png
Warning: Scene image not found for scene_1.10.png
Warning: Scene image not found for scene_1.11.png
Warning: Scene image not found for scene_1.12.png
Warning: Scene image not found for scene_1.13.png
Warning: Scene image not found for scene_1.14.png
Warning: Scene image not found for scene_1.15.png
Warning: Scene image not found for scene_1.16.png
Warning: Scene image not found for scene_1.17.png
Warning: Scene image not found for scene_2.2.png
Warning: Scene image not found for scene_2.11.png
Warning: Scene image not found for scene_2.12.png
Warning: Scene image not found for scene_2.13.png
Warning: Scene image not found for scene_2.14.png
Warning: Scene image not found for scene_2.15.png
Warning: Scene image not found for scene_2.16.png
Warning: Scene image not found for scene_2.17.png
Warning: Scene image not found for scene_2.18.png
Warning: Scene image not found for scene_3.1.png
Warning: Scene image not found for scene_3.2.png
Warning: Scene image not found for scene_3.3.png
Warning: Scene image not found for scene_3.4.png
Warning: Scene image not found for scene_3.5.png
Warning: Scene image not found for scene_3.6.png
Warning: Scene image not found for scene_3.7.png
Warning: Scene image not found for scene_3.8.png
Warning: Scene image not found for scene_3.9.png
Warning: Scene image not found for scene_3.10.png
Warning: Scene image not found for scene_3.11.png
Warning: Scene image not found for scene_3.12.png
Warning: Scene image not found for scene_3.13.png
Warning: Scene image not found for scene_3.14.png
Warning: Scene image not found for scene_3.15.png
Warning: Scene image not found for scene_3.16.png
Warning: Scene image not found for scene_3.17.png
Warning: Scene image not found for scene_3.18.png
Warning: Scene image not found for scene_3.19.png
Warning: Scene image not found for scene_4.1.png
Warning: Scene image not found for scene_4.2.png
Warning: Scene image not found for scene_4.3.png
Warning: Scene image not found for scene_4.4.png
Warning: Scene image not found for scene_4.5.png
Warning: Scene image not found for scene_4.6.png
Warning: Scene image not found for scene_4.7.png
Warning: Scene image not found for scene_4.8.png
Warning: Scene image not found for scene_4.9.png
Warning: Scene image not found for scene_4.10.png
Warning: Scene image not found for scene_4.11.png
Warning: Scene image not found for scene_4.12.png
Warning: Scene image not found for scene_4.13.png
Warning: Scene image not found for scene_4.14.png
Warning: Scene image not found for scene_4.15.png
Warning: Scene image not found for scene_4.16.png
Warning: Scene image not found for scene_4.17.png
Warning: Scene image not found for scene_4.18.png
Warning: Scene image not found for scene_4.19.png
Warning: Scene image not found for scene_4.20.png
Warning: Scene image not found for scene_4.21.png
Warning: Scene image not found for scene_5.1.png
Warning: Scene image not found for scene_5.2.png
Warning: Scene image not found for scene_5.3.png
Warning: Scene image not found for scene_5.4.png
Warning: Scene image not found for scene_5.5.png
Warning: Scene image not found for scene_5.6.png
Warning: Scene image not found for scene_5.7.png
Warning: Scene image not found for scene_5.8.png
Warning: Scene image not found for scene_5.9.png
Warning: Scene image not found for scene_5.10.png
ğŸ“‹ Parsed 15 story scenes with dialogue and corresponding images
ğŸ“Š Found 15 story scenes
ğŸ“Š Story contains 790 words

ğŸ“Š MASTER PROMPT GENERATION PROGRESS
====================================================================================================
ğŸ”„ Scene 1/15 (1.1) - It was one of those grey London mornings when the  - Processing...
ğŸ“Š Estimated time remaining: ~47s (?)
ğŸ–¼ï¸  Including image: scene_1.1.png (base64 length: 2054486 chars)
âœ… Scene 1/15 (1.1) - It was one of those grey London mornings when the  - Completed in 17.1s
ğŸ“Š Estimated time remaining: ~1.7m (?)
ğŸ¬ Output: (motion_1.1) A medium shot captures a young man with brown hair and bright blue eyes seated in a dark leather arm...
ğŸ”„ Scene 2/15 (1.2) - Observe, Watson, our nocturnal visitor has been mo - Processing...
ğŸ“Š Estimated time remaining: ~1.7m (?)
ğŸ–¼ï¸  Including image: scene_1.2.png (base64 length: 2157782 chars)
âœ… Scene 2/15 (1.2) - Observe, Watson, our nocturnal visitor has been mo - Completed in 7.8s
ğŸ“Š Estimated time remaining: ~1.7m (?)
ğŸ¬ Output: (motion_1.2) A wide shot captures a man with white hair and glasses standing in the snow beside a blue sofa. He w...
ğŸ”„ Scene 3/15 (1.3) - She, Holmes? You are certain the visitor was a lad - Processing...
ğŸ“Š Estimated time remaining: ~1.7m (?)
ğŸ–¼ï¸  Including image: scene_1.3.png (base64 length: 2017290 chars)
âœ… Scene 3/15 (1.3) - She, Holmes? You are certain the visitor was a lad - Completed in 8.9s
ğŸ“Š Estimated time remaining: ~1.9m (~)
ğŸ¬ Output: (motion_1.3) A medium shot captures a young man with spiky brown hair and bright blue eyes sitting comfortably in...
ğŸ”„ Scene 4/15 (1.5) - You astonish me, Holmes. Are you implying that a w - Processing...
ğŸ“Š Estimated time remaining: ~1.9m (~)
ğŸ–¼ï¸  Including image: scene_1.5.png (base64 length: 2041402 chars)
âœ… Scene 4/15 (1.5) - You astonish me, Holmes. Are you implying that a w - Completed in 8.7s
ğŸ“Š Estimated time remaining: ~1.8m (~)
ğŸ¬ Output: (motion_1.5) A medium shot captures a young man with brown hair sitting in a plush armchair beside a crackling fi...
ğŸ”„ Scene 5/15 (1.7) - A ring! - Processing...
ğŸ“Š Estimated time remaining: ~1.8m (~)
ğŸ–¼ï¸  Including image: scene_1.7.png (base64 length: 1929402 chars)
âœ… Scene 5/15 (1.7) - A ring! - Completed in 10.9s
ğŸ“Š Estimated time remaining: ~2.1m (âœ“)
ğŸ¬ Output: (motion_1.7) A medium shot captures a young man with spiky brown hair and bright blue eyes seated in a dark leath...
ğŸ”„ Scene 6/15 (1.8) - A remarkable one. Note the carving upon its surfac - Processing...
ğŸ“Š Estimated time remaining: ~2.1m (âœ“)
ğŸ–¼ï¸  Including image: scene_1.8.png (base64 length: 1963434 chars)
âœ… Scene 6/15 (1.8) - A remarkable one. Note the carving upon its surfac - Completed in 8.8s
ğŸ“Š Estimated time remaining: ~1.7m (âœ“)
ğŸ¬ Output: (motion_1.8) A medium shot captures a man in a dark uniform standing upright beside an ornate wooden table, his p...
ğŸ”„ Scene 7/15 (2.1) - By the time the afternoon lamps flickered alive in - Processing...
ğŸ“Š Estimated time remaining: ~1.7m (âœ“)
ğŸ–¼ï¸  Including image: scene_2.1.png (base64 length: 2482674 chars)
âœ… Scene 7/15 (2.1) - By the time the afternoon lamps flickered alive in - Completed in 8.9s
ğŸ“Š Estimated time remaining: ~1.2m (âœ“)
ğŸ¬ Output: (motion_2.1) A medium shot captures a man standing on a stone path in a sunlit park, surrounded by lush green gra...
ğŸ”„ Scene 8/15 (2.3) - Holmes, you speak as though peril already walks be - Processing...
ğŸ“Š Estimated time remaining: ~1.2m (âœ“)
ğŸ–¼ï¸  Including image: scene_2.3.png (base64 length: 2457410 chars)
âœ… Scene 8/15 (2.3) - Holmes, you speak as though peril already walks be - Completed in 9.1s
ğŸ“Š Estimated time remaining: ~1.2m (âœ“)
ğŸ¬ Output: (motion_2.3) A medium shot captures a young man with brown hair and blue eyes standing in a sunlit park. He wears...
ğŸ”„ Scene 9/15 (2.4) - When a mystery begins with soil from the Amazon an - Processing...
ğŸ“Š Estimated time remaining: ~1.2m (âœ“)
ğŸ–¼ï¸  Including image: scene_2.4.png (base64 length: 2441154 chars)
âœ… Scene 9/15 (2.4) - When a mystery begins with soil from the Amazon an - Completed in 8.5s
ğŸ“Š Estimated time remaining: ~57s (âœ“)
ğŸ¬ Output: (motion_2.4) A medium shot captures an elderly man with white hair and glasses standing in a sunlit park. He wear...
ğŸ”„ Scene 10/15 (2.5) - Miss de Alvarado, your letter spoke of your father - Processing...
ğŸ“Š Estimated time remaining: ~57s (âœ“)
ğŸ–¼ï¸  Including image: scene_2.5.png (base64 length: 2467778 chars)
âœ… Scene 10/15 (2.5) - Miss de Alvarado, your letter spoke of your father - Completed in 9.8s
ğŸ“Š Estimated time remaining: ~50s (âœ“)
ğŸ¬ Output: (motion_2.5) A medium shot captures a young man standing in the center of a lush garden courtyard during bright d...
ğŸ”„ Scene 11/15 (2.6) - Yes, Mr. Holmes. He led a small team seeking ancie - Processing...
ğŸ“Š Estimated time remaining: ~50s (âœ“)
ğŸ–¼ï¸  Including image: scene_2.6.png (base64 length: 2424550 chars)
âœ… Scene 11/15 (2.6) - Yes, Mr. Holmes. He led a small team seeking ancie - Completed in 9.1s
ğŸ“Š Estimated time remaining: ~38s (âœ“)
ğŸ¬ Output: (motion_2.6) A medium shot captures a man standing on a stone-paved patio in front of a circular pool with lily p...
ğŸ”„ Scene 12/15 (2.7) - The handwriting differs from your fatherâ€™s. Yet th - Processing...
ğŸ“Š Estimated time remaining: ~38s (âœ“)
ğŸ–¼ï¸  Including image: scene_2.7.png (base64 length: 2463314 chars)
âœ… Scene 12/15 (2.7) - The handwriting differs from your fatherâ€™s. Yet th - Completed in 7.5s
ğŸ“Š Estimated time remaining: ~28s (âœ“)
ğŸ¬ Output: (motion_2.7) A medium shot captures a young man with brown hair standing beside a circular pond filled with lily ...
ğŸ”„ Scene 13/15 (2.8) - But how could Amazon soil appear upon paper in Lon - Processing...
ğŸ“Š Estimated time remaining: ~28s (âœ“)
ğŸ–¼ï¸  Including image: scene_2.8.png (base64 length: 2426942 chars)
âœ… Scene 13/15 (2.8) - But how could Amazon soil appear upon paper in Lon - Completed in 8.2s
ğŸ“Š Estimated time remaining: ~23s (âœ“)
ğŸ¬ Output: (motion_2.8) A medium shot captures an elderly man with white hair and glasses standing in a lush garden beside a...
ğŸ”„ Scene 14/15 (2.9) - Ah, my dear Watson, that is precisely the question - Processing...
ğŸ“Š Estimated time remaining: ~23s (âœ“)
ğŸ–¼ï¸  Including image: scene_2.9.png (base64 length: 2463194 chars)
âœ… Scene 14/15 (2.9) - Ah, my dear Watson, that is precisely the question - Completed in 10.3s
ğŸ“Š Estimated time remaining: ~6s (âœ“)
ğŸ¬ Output: (motion_2.9) A wide shot captures a young man with brown hair standing in the foreground of a sunlit park. He wea...
ğŸ”„ Scene 15/15 (2.10) - This place looks abandoned, Holmes. Yet the lock a - Processing...
ğŸ“Š Estimated time remaining: ~6s (âœ“)
ğŸ–¼ï¸  Including image: scene_2.10.png (base64 length: 2440558 chars)
Traceback (most recent call last):
  File "D:\.comfyui\.venv\Lib\site-packages\urllib3\util\connection.py", line 73, in create_connection
    sock.connect(sa)
ConnectionRefusedError: [WinError 10061] No connection could be made because the target machine actively refused it

During handling of the above exception, another exception occurred:

Traceback (most recent call last):
  File "D:\.comfyui\gen.video\scripts\2.motion.py", line 834, in <module>
    exit(main())
         ^^^^^^
  File "D:\.comfyui\gen.video\scripts\2.motion.py", line 816, in main
    success = generator.process_story(args.story_file, resumable_state)
              ^^^^^^^^^^^^^^^^^^^^^^^^^^^^^^^^^^^^^^^^^^^^^^^^^^^^^^^^^
  File "D:\.comfyui\gen.video\scripts\2.motion.py", line 718, in process_story
    response = self.call_lm_studio_api(raw_input_prompt, image_path)
               ^^^^^^^^^^^^^^^^^^^^^^^^^^^^^^^^^^^^^^^^^^^^^^^^^^^^^
  File "D:\.comfyui\gen.video\scripts\2.motion.py", line 493, in call_lm_studio_api
    response = requests.post(
               ^^^^^^^^^^^^^^
  File "D:\.comfyui\.venv\Lib\site-packages\requests\api.py", line 115, in post
    return request("post", url, data=data, json=json, **kwargs)
           ^^^^^^^^^^^^^^^^^^^^^^^^^^^^^^^^^^^^^^^^^^^^^^^^^^^^
  File "D:\.comfyui\.venv\Lib\site-packages\requests\api.py", line 59, in request
    return session.request(method=method, url=url, **kwargs)
           ^^^^^^^^^^^^^^^^^^^^^^^^^^^^^^^^^^^^^^^^^^^^^^^^^
  File "D:\.comfyui\.venv\Lib\site-packages\requests\sessions.py", line 589, in request
    resp = self.send(prep, **send_kwargs)
           ^^^^^^^^^^^^^^^^^^^^^^^^^^^^^^
  File "D:\.comfyui\.venv\Lib\site-packages\requests\sessions.py", line 703, in send
    r = adapter.send(request, **kwargs)
        ^^^^^^^^^^^^^^^^^^^^^^^^^^^^^^^
  File "D:\.comfyui\.venv\Lib\site-packages\requests\adapters.py", line 644, in send
    resp = conn.urlopen(
           ^^^^^^^^^^^^^
  File "D:\.comfyui\.venv\Lib\site-packages\urllib3\connectionpool.py", line 787, in urlopen
    response = self._make_request(
               ^^^^^^^^^^^^^^^^^^^
  File "D:\.comfyui\.venv\Lib\site-packages\urllib3\connectionpool.py", line 493, in _make_request
    conn.request(
  File "D:\.comfyui\.venv\Lib\site-packages\urllib3\connection.py", line 494, in request
    self.endheaders()
  File "C:\Users\prith\.pyenv\pyenv-win\versions\3.12.5\Lib\http\client.py", line 1331, in endheaders
    self._send_output(message_body, encode_chunked=encode_chunked)
  File "C:\Users\prith\.pyenv\pyenv-win\versions\3.12.5\Lib\http\client.py", line 1091, in _send_output
    self.send(msg)
  File "C:\Users\prith\.pyenv\pyenv-win\versions\3.12.5\Lib\http\client.py", line 1035, in send
    self.connect()
  File "D:\.comfyui\.venv\Lib\site-packages\urllib3\connection.py", line 325, in connect
    self.sock = self._new_conn()
                ^^^^^^^^^^^^^^^^
  File "D:\.comfyui\.venv\Lib\site-packages\urllib3\connection.py", line 198, in _new_conn
    sock = connection.create_connection(
           ^^^^^^^^^^^^^^^^^^^^^^^^^^^^^
  File "D:\.comfyui\.venv\Lib\site-packages\urllib3\util\connection.py", line 81, in create_connection
    sock.close()
  File "C:\Users\prith\.pyenv\pyenv-win\versions\3.12.5\Lib\socket.py", line 501, in close
    def close(self):

KeyboardInterrupt
Received signal 2. Cleaning up services...
Stopping LM Studio backend via lms CLI...
Command: lms server stop
Unloading all models from LM Studio...
Command: lms unload --all
Unloading "qwen_qwen3-vl-30b-a3b-instruct"...
Unloaded 1 model.
Stopped the server on port 1234.
LM Studio appears stopped (after 1 checks).
